<?xml version="1.0" encoding="UTF-8"?>
<!-- Generated by org.testng.reporters.JUnitReportReporter -->
<testsuite hostname="DESKTOP-1LLQFPK" failures="0" tests="2" name="testscenarios.FlipkartTest" time="7.506" errors="0" timestamp="2023-10-28T14:32:17 BST" skipped="0">
  <testcase classname="testscenarios.FlipkartTest" name="testFlipkartHomePage" time="1.940"/>
  <testcase classname="testscenarios.FlipkartTest" name="testSearch" time="5.566"/>
</testsuite> <!-- testscenarios.FlipkartTest -->
